2023-12-12 14:13:53,102 - my_webserver - INFO - Accept client connection
2023-12-12 14:13:53,102 - my_webserver - INFO - Accept client connection
2023-12-12 14:13:53,102 - my_webserver - INFO - Accept client connection
2023-12-12 14:13:53,102 - my_webserver - INFO - Accept client connection
2023-12-12 14:14:09,932 - my_webserver - INFO - Accept client connection
2023-12-12 14:14:09,932 - my_webserver - INFO - Accept client connection
2023-12-12 14:14:09,932 - my_webserver - INFO - Accept client connection
2023-12-12 14:14:09,932 - my_webserver - INFO - Accept client connection
2023-12-12 14:14:09,933 - my_webserver - INFO - Handling request b'GET kotik.json HTTP/1.1\r\nHost:alex.com'
2023-12-12 14:14:09,933 - my_webserver - INFO - Handling request b'GET kotik.json HTTP/1.1\r\nHost:alex.com'
2023-12-12 14:14:09,933 - my_webserver - INFO - Handling request b'GET kotik.json HTTP/1.1\r\nHost:alex.com'
2023-12-12 14:14:09,933 - my_webserver - INFO - Handling request b'GET kotik.json HTTP/1.1\r\nHost:alex.com'
2023-12-12 14:14:09,933 - my_webserver - INFO - Accept client connection
2023-12-12 14:14:09,933 - my_webserver - INFO - Accept client connection
2023-12-12 14:14:09,933 - my_webserver - INFO - Accept client connection
2023-12-12 14:14:09,933 - my_webserver - INFO - Accept client connection
2023-12-12 14:14:09,934 - my_webserver - INFO - Handling request b'GET /kotik.html HTTP/1.1\r\nHost:kate.com'
2023-12-12 14:14:09,934 - my_webserver - INFO - Handling request b'GET /kotik.html HTTP/1.1\r\nHost:kate.com'
2023-12-12 14:14:09,934 - my_webserver - INFO - Handling request b'GET /kotik.html HTTP/1.1\r\nHost:kate.com'
2023-12-12 14:14:09,934 - my_webserver - INFO - Handling request b'GET /kotik.html HTTP/1.1\r\nHost:kate.com'
2023-12-12 14:14:09,934 - my_webserver - INFO - Sending response: b'HTTP/1.1 200 OK\r\n\r\n{"\xd0\xa0\xd1\x99\xd0\xa0\xd1\x95\xd0\xa1\xe2\x80\x9a\xd0\xa0\xd1\x91\xd0\xa0\xd1\x94":  " /\xd0\xb1\xd1\x92\xc2\xa0\xd0\xbf\xd0\x85\xd0\x8e\xd0\xba\xd1\x9b\xe2\x82\xac\xd0\xbf\xd0\x85\xd0\x8e\xd0\xb1\xd1\x92\xd1\x9f\\\\ "}' for client
2023-12-12 14:14:09,934 - my_webserver - INFO - Sending response: b'HTTP/1.1 200 OK\r\n\r\n{"\xd0\xa0\xd1\x99\xd0\xa0\xd1\x95\xd0\xa1\xe2\x80\x9a\xd0\xa0\xd1\x91\xd0\xa0\xd1\x94":  " /\xd0\xb1\xd1\x92\xc2\xa0\xd0\xbf\xd0\x85\xd0\x8e\xd0\xba\xd1\x9b\xe2\x82\xac\xd0\xbf\xd0\x85\xd0\x8e\xd0\xb1\xd1\x92\xd1\x9f\\\\ "}' for client
2023-12-12 14:14:09,934 - my_webserver - INFO - Sending response: b'HTTP/1.1 200 OK\r\n\r\n{"\xd0\xa0\xd1\x99\xd0\xa0\xd1\x95\xd0\xa1\xe2\x80\x9a\xd0\xa0\xd1\x91\xd0\xa0\xd1\x94":  " /\xd0\xb1\xd1\x92\xc2\xa0\xd0\xbf\xd0\x85\xd0\x8e\xd0\xba\xd1\x9b\xe2\x82\xac\xd0\xbf\xd0\x85\xd0\x8e\xd0\xb1\xd1\x92\xd1\x9f\\\\ "}' for client
2023-12-12 14:14:09,934 - my_webserver - INFO - Sending response: b'HTTP/1.1 200 OK\r\n\r\n{"\xd0\xa0\xd1\x99\xd0\xa0\xd1\x95\xd0\xa1\xe2\x80\x9a\xd0\xa0\xd1\x91\xd0\xa0\xd1\x94":  " /\xd0\xb1\xd1\x92\xc2\xa0\xd0\xbf\xd0\x85\xd0\x8e\xd0\xba\xd1\x9b\xe2\x82\xac\xd0\xbf\xd0\x85\xd0\x8e\xd0\xb1\xd1\x92\xd1\x9f\\\\ "}' for client
2023-12-12 14:14:09,935 - my_webserver - INFO - Sending response: b'HTTP/1.1 200 OK\r\n\r\n<!DOCTYPE html>\n<html>\n<head>\n    <title>\xd0\xa0\xd0\x8e\xd0\xa1\xe2\x80\x9a\xd0\xa1\xd0\x82\xd0\xa0\xc2\xb0\xd0\xa0\xd0\x85\xd0\xa0\xd1\x91\xd0\xa1\xe2\x80\xa0\xd0\xa0\xc2\xb0 \xd0\xa1\xd0\x83 \xd0\xa0\xd1\x94\xd0\xa0\xd1\x95\xd0\xa1\xe2\x80\x9a\xd0\xa0\xd1\x91\xd0\xa0\xd1\x94\xd0\xa0\xd1\x95\xd0\xa0\xd1\x98</title>\n</head>\n<body>\n    <h1>\xd0\xa0\xd1\x99\xd0\xa0\xd1\x95\xd0\xa1\xe2\x80\x9a\xd0\xa0\xd1\x91\xd0\xa0\xd1\x94</h1>\n    <p> /\xd0\xb1\xd1\x92\xc2\xa0\xd0\xbf\xd0\x85\xd0\x8e\xd0\xba\xd1\x9b\xe2\x82\xac\xd0\xbf\xd0\x85\xd0\x8e\xd0\xb1\xd1\x92\xd1\x9f\\ </p>\n</body>\n</html>\n' for client
2023-12-12 14:14:09,935 - my_webserver - INFO - Sending response: b'HTTP/1.1 200 OK\r\n\r\n<!DOCTYPE html>\n<html>\n<head>\n    <title>\xd0\xa0\xd0\x8e\xd0\xa1\xe2\x80\x9a\xd0\xa1\xd0\x82\xd0\xa0\xc2\xb0\xd0\xa0\xd0\x85\xd0\xa0\xd1\x91\xd0\xa1\xe2\x80\xa0\xd0\xa0\xc2\xb0 \xd0\xa1\xd0\x83 \xd0\xa0\xd1\x94\xd0\xa0\xd1\x95\xd0\xa1\xe2\x80\x9a\xd0\xa0\xd1\x91\xd0\xa0\xd1\x94\xd0\xa0\xd1\x95\xd0\xa0\xd1\x98</title>\n</head>\n<body>\n    <h1>\xd0\xa0\xd1\x99\xd0\xa0\xd1\x95\xd0\xa1\xe2\x80\x9a\xd0\xa0\xd1\x91\xd0\xa0\xd1\x94</h1>\n    <p> /\xd0\xb1\xd1\x92\xc2\xa0\xd0\xbf\xd0\x85\xd0\x8e\xd0\xba\xd1\x9b\xe2\x82\xac\xd0\xbf\xd0\x85\xd0\x8e\xd0\xb1\xd1\x92\xd1\x9f\\ </p>\n</body>\n</html>\n' for client
2023-12-12 14:14:09,935 - my_webserver - INFO - Sending response: b'HTTP/1.1 200 OK\r\n\r\n<!DOCTYPE html>\n<html>\n<head>\n    <title>\xd0\xa0\xd0\x8e\xd0\xa1\xe2\x80\x9a\xd0\xa1\xd0\x82\xd0\xa0\xc2\xb0\xd0\xa0\xd0\x85\xd0\xa0\xd1\x91\xd0\xa1\xe2\x80\xa0\xd0\xa0\xc2\xb0 \xd0\xa1\xd0\x83 \xd0\xa0\xd1\x94\xd0\xa0\xd1\x95\xd0\xa1\xe2\x80\x9a\xd0\xa0\xd1\x91\xd0\xa0\xd1\x94\xd0\xa0\xd1\x95\xd0\xa0\xd1\x98</title>\n</head>\n<body>\n    <h1>\xd0\xa0\xd1\x99\xd0\xa0\xd1\x95\xd0\xa1\xe2\x80\x9a\xd0\xa0\xd1\x91\xd0\xa0\xd1\x94</h1>\n    <p> /\xd0\xb1\xd1\x92\xc2\xa0\xd0\xbf\xd0\x85\xd0\x8e\xd0\xba\xd1\x9b\xe2\x82\xac\xd0\xbf\xd0\x85\xd0\x8e\xd0\xb1\xd1\x92\xd1\x9f\\ </p>\n</body>\n</html>\n' for client
2023-12-12 14:14:09,935 - my_webserver - INFO - Sending response: b'HTTP/1.1 200 OK\r\n\r\n<!DOCTYPE html>\n<html>\n<head>\n    <title>\xd0\xa0\xd0\x8e\xd0\xa1\xe2\x80\x9a\xd0\xa1\xd0\x82\xd0\xa0\xc2\xb0\xd0\xa0\xd0\x85\xd0\xa0\xd1\x91\xd0\xa1\xe2\x80\xa0\xd0\xa0\xc2\xb0 \xd0\xa1\xd0\x83 \xd0\xa0\xd1\x94\xd0\xa0\xd1\x95\xd0\xa1\xe2\x80\x9a\xd0\xa0\xd1\x91\xd0\xa0\xd1\x94\xd0\xa0\xd1\x95\xd0\xa0\xd1\x98</title>\n</head>\n<body>\n    <h1>\xd0\xa0\xd1\x99\xd0\xa0\xd1\x95\xd0\xa1\xe2\x80\x9a\xd0\xa0\xd1\x91\xd0\xa0\xd1\x94</h1>\n    <p> /\xd0\xb1\xd1\x92\xc2\xa0\xd0\xbf\xd0\x85\xd0\x8e\xd0\xba\xd1\x9b\xe2\x82\xac\xd0\xbf\xd0\x85\xd0\x8e\xd0\xb1\xd1\x92\xd1\x9f\\ </p>\n</body>\n</html>\n' for client
